2023-09-05T01:38:57,492 INFO  org.hibernate.validator.internal.util.Version - HV000001: Hibernate Validator 8.0.0.Final
2023-09-05T01:38:57,588 INFO  com.viniciusvieira.backend.BackendApplication - Starting BackendApplication using Java 17.0.1 with PID 10228 (F:\java_projetos\spring-projeto\lojaVirtual\backend\target\classes started by Cliente in F:\java_projetos\spring-projeto\lojaVirtual\backend)
2023-09-05T01:38:57,605 INFO  com.viniciusvieira.backend.BackendApplication - No active profile set, falling back to 1 default profile: "default"
2023-09-05T01:38:57,692 INFO  org.springframework.boot.devtools.env.DevToolsPropertyDefaultsPostProcessor - Devtools property defaults active! Set 'spring.devtools.add-properties' to 'false' to disable
2023-09-05T01:38:57,693 INFO  org.springframework.boot.devtools.env.DevToolsPropertyDefaultsPostProcessor - For additional web related logging consider setting the 'logging.level.web' property to 'DEBUG'
2023-09-05T01:38:59,216 INFO  org.springframework.data.repository.config.RepositoryConfigurationDelegate - Bootstrapping Spring Data JPA repositories in DEFAULT mode.
2023-09-05T01:38:59,392 INFO  org.springframework.data.repository.config.RepositoryConfigurationDelegate - Finished Spring Data repository scanning in 162 ms. Found 8 JPA repository interfaces.
2023-09-05T01:39:00,640 INFO  org.springframework.boot.web.embedded.tomcat.TomcatWebServer - Tomcat initialized with port(s): 8080 (http)
2023-09-05T01:39:00,655 INFO  org.apache.coyote.http11.Http11NioProtocol - Initializing ProtocolHandler ["http-nio-8080"]
2023-09-05T01:39:00,657 INFO  org.apache.catalina.core.StandardService - Starting service [Tomcat]
2023-09-05T01:39:00,657 INFO  org.apache.catalina.core.StandardEngine - Starting Servlet engine: [Apache Tomcat/10.1.8]
2023-09-05T01:39:00,763 INFO  org.apache.catalina.core.ContainerBase.[Tomcat].[localhost].[/] - Initializing Spring embedded WebApplicationContext
2023-09-05T01:39:00,765 INFO  org.springframework.boot.web.servlet.context.ServletWebServerApplicationContext - Root WebApplicationContext: initialization completed in 3069 ms
2023-09-05T01:39:01,086 INFO  org.hibernate.jpa.internal.util.LogHelper - HHH000204: Processing PersistenceUnitInfo [name: default]
2023-09-05T01:39:01,168 INFO  org.hibernate.Version - HHH000412: Hibernate ORM core version 6.2.2.Final
2023-09-05T01:39:01,171 INFO  org.hibernate.cfg.Environment - HHH000406: Using bytecode reflection optimizer
2023-09-05T01:39:01,403 INFO  org.hibernate.bytecode.internal.BytecodeProviderInitiator - HHH000021: Bytecode provider name : bytebuddy
2023-09-05T01:39:01,630 INFO  org.springframework.orm.jpa.persistenceunit.SpringPersistenceUnitInfo - No LoadTimeWeaver setup: ignoring JPA class transformer
2023-09-05T01:39:01,658 INFO  com.zaxxer.hikari.HikariDataSource - HikariPool-1 - Starting...
2023-09-05T01:39:02,174 INFO  com.zaxxer.hikari.pool.HikariPool - HikariPool-1 - Added connection com.mysql.cj.jdbc.ConnectionImpl@579fb808
2023-09-05T01:39:02,176 INFO  com.zaxxer.hikari.HikariDataSource - HikariPool-1 - Start completed.
2023-09-05T01:39:02,289 INFO  org.hibernate.orm.dialect - HHH035001: Using dialect: org.hibernate.dialect.MySQLDialect, version: 8.0.34
2023-09-05T01:39:02,961 INFO  org.hibernate.bytecode.internal.BytecodeProviderInitiator - HHH000021: Bytecode provider name : bytebuddy
2023-09-05T01:39:04,098 INFO  org.hibernate.engine.transaction.jta.platform.internal.JtaPlatformInitiator - HHH000490: Using JtaPlatform implementation: [org.hibernate.engine.transaction.jta.platform.internal.NoJtaPlatform]
2023-09-05T01:39:04,487 INFO  org.springframework.orm.jpa.LocalContainerEntityManagerFactoryBean - Initialized JPA EntityManagerFactory for persistence unit 'default'
2023-09-05T01:39:05,495 INFO  org.springframework.data.jpa.repository.query.QueryEnhancerFactory - Hibernate is in classpath; If applicable, HQL parser will be used.
2023-09-05T01:39:05,989 WARN  org.springframework.boot.autoconfigure.orm.jpa.JpaBaseConfiguration$JpaWebConfiguration - spring.jpa.open-in-view is enabled by default. Therefore, database queries may be performed during view rendering. Explicitly configure spring.jpa.open-in-view to disable this warning
2023-09-05T01:39:06,427 WARN  org.springframework.boot.autoconfigure.freemarker.FreeMarkerAutoConfiguration - Cannot find template location(s): [classpath:/templates/] (please add some templates, check your FreeMarker configuration, or set spring.freemarker.check-template-location=false)
2023-09-05T01:39:06,555 INFO  org.springframework.boot.devtools.autoconfigure.OptionalLiveReloadServer - LiveReload server is running on port 35729
2023-09-05T01:39:06,581 INFO  org.apache.coyote.http11.Http11NioProtocol - Starting ProtocolHandler ["http-nio-8080"]
2023-09-05T01:39:06,612 INFO  org.springframework.boot.web.embedded.tomcat.TomcatWebServer - Tomcat started on port(s): 8080 (http) with context path ''
2023-09-05T01:39:06,626 INFO  com.viniciusvieira.backend.BackendApplication - Started BackendApplication in 9.712 seconds (process running for 10.854)
2023-09-05T01:41:36,567 INFO  org.springframework.orm.jpa.LocalContainerEntityManagerFactoryBean - Closing JPA EntityManagerFactory for persistence unit 'default'
2023-09-05T01:41:36,593 INFO  com.zaxxer.hikari.HikariDataSource - HikariPool-1 - Shutdown initiated...
2023-09-05T01:41:36,615 INFO  com.zaxxer.hikari.HikariDataSource - HikariPool-1 - Shutdown completed.
