2023-09-08 13:47:24,883 INFO o.h.v.i.u.Version [background-preinit] HV000001: Hibernate Validator 8.0.0.Final
2023-09-08 13:47:24,972 INFO o.s.b.StartupInfoLogger [restartedMain] Starting BackendApplication using Java 17.0.1 with PID 17416 (F:\java_projetos\spring-projeto\lojaVirtual\backend\target\classes started by Cliente in F:\java_projetos\spring-projeto\lojaVirtual\backend)
2023-09-08 13:47:24,981 DEBUG o.s.b.StartupInfoLogger [restartedMain] Running with Spring Boot v3.1.0, Spring v6.0.9
2023-09-08 13:47:24,985 INFO o.s.b.SpringApplication [restartedMain] No active profile set, falling back to 1 default profile: "default"
2023-09-08 13:47:25,079 INFO o.s.b.l.DeferredLog [restartedMain] Devtools property defaults active! Set 'spring.devtools.add-properties' to 'false' to disable
2023-09-08 13:47:25,079 INFO o.s.b.l.DeferredLog [restartedMain] For additional web related logging consider setting the 'logging.level.web' property to 'DEBUG'
2023-09-08 13:47:26,696 INFO o.s.d.r.c.RepositoryConfigurationDelegate [restartedMain] Bootstrapping Spring Data JPA repositories in DEFAULT mode.
2023-09-08 13:47:26,895 INFO o.s.d.r.c.RepositoryConfigurationDelegate [restartedMain] Finished Spring Data repository scanning in 185 ms. Found 8 JPA repository interfaces.
2023-09-08 13:47:28,186 INFO o.s.b.w.e.t.TomcatWebServer [restartedMain] Tomcat initialized with port(s): 8080 (http)
2023-09-08 13:47:28,208 INFO o.a.j.l.DirectJDKLog [restartedMain] Initializing ProtocolHandler ["http-nio-8080"]
2023-09-08 13:47:28,210 INFO o.a.j.l.DirectJDKLog [restartedMain] Starting service [Tomcat]
2023-09-08 13:47:28,210 INFO o.a.j.l.DirectJDKLog [restartedMain] Starting Servlet engine: [Apache Tomcat/10.1.8]
2023-09-08 13:47:28,373 INFO o.a.j.l.DirectJDKLog [restartedMain] Initializing Spring embedded WebApplicationContext
2023-09-08 13:47:28,378 INFO o.s.b.w.s.c.ServletWebServerApplicationContext [restartedMain] Root WebApplicationContext: initialization completed in 3293 ms
2023-09-08 13:47:28,704 INFO o.h.j.i.u.LogHelper [restartedMain] HHH000204: Processing PersistenceUnitInfo [name: default]
2023-09-08 13:47:28,822 INFO o.h.Version [restartedMain] HHH000412: Hibernate ORM core version 6.2.2.Final
2023-09-08 13:47:28,825 INFO o.h.c.Environment [restartedMain] HHH000406: Using bytecode reflection optimizer
2023-09-08 13:47:29,101 INFO o.h.b.i.BytecodeProviderInitiator [restartedMain] HHH000021: Bytecode provider name : bytebuddy
2023-09-08 13:47:29,374 INFO o.s.o.j.p.SpringPersistenceUnitInfo [restartedMain] No LoadTimeWeaver setup: ignoring JPA class transformer
2023-09-08 13:47:29,415 INFO c.z.h.HikariDataSource [restartedMain] HikariPool-1 - Starting...
2023-09-08 13:47:30,038 INFO c.z.h.p.HikariPool [restartedMain] HikariPool-1 - Added connection com.mysql.cj.jdbc.ConnectionImpl@55d3dadf
2023-09-08 13:47:30,041 INFO c.z.h.HikariDataSource [restartedMain] HikariPool-1 - Start completed.
2023-09-08 13:47:30,127 INFO o.h.e.j.d.i.DialectFactoryImpl [restartedMain] HHH035001: Using dialect: org.hibernate.dialect.MySQLDialect, version: 8.0.34
2023-09-08 13:47:30,866 INFO o.h.b.i.BytecodeProviderInitiator [restartedMain] HHH000021: Bytecode provider name : bytebuddy
2023-09-08 13:47:32,310 INFO o.h.e.t.j.p.i.JtaPlatformInitiator [restartedMain] HHH000490: Using JtaPlatform implementation: [org.hibernate.engine.transaction.jta.platform.internal.NoJtaPlatform]
2023-09-08 13:47:32,805 INFO o.s.o.j.AbstractEntityManagerFactoryBean [restartedMain] Initialized JPA EntityManagerFactory for persistence unit 'default'
2023-09-08 13:47:34,029 INFO o.s.d.j.r.q.QueryEnhancerFactory [restartedMain] Hibernate is in classpath; If applicable, HQL parser will be used.
2023-09-08 13:47:34,569 WARN o.s.b.a.o.j.JpaBaseConfiguration$JpaWebConfiguration [restartedMain] spring.jpa.open-in-view is enabled by default. Therefore, database queries may be performed during view rendering. Explicitly configure spring.jpa.open-in-view to disable this warning
2023-09-08 13:47:35,037 WARN o.s.b.a.f.FreeMarkerAutoConfiguration [restartedMain] Cannot find template location(s): [classpath:/templates/] (please add some templates, check your FreeMarker configuration, or set spring.freemarker.check-template-location=false)
2023-09-08 13:47:35,167 INFO o.s.b.d.a.OptionalLiveReloadServer [restartedMain] LiveReload server is running on port 35729
2023-09-08 13:47:35,188 INFO o.a.j.l.DirectJDKLog [restartedMain] Starting ProtocolHandler ["http-nio-8080"]
2023-09-08 13:47:35,226 INFO o.s.b.w.e.t.TomcatWebServer [restartedMain] Tomcat started on port(s): 8080 (http) with context path ''
2023-09-08 13:47:35,287 INFO o.s.b.StartupInfoLogger [restartedMain] Started BackendApplication in 11.307 seconds (process running for 12.781)
2023-09-08 14:48:54,504 INFO o.a.j.l.DirectJDKLog [http-nio-8080-exec-2] Initializing Spring DispatcherServlet 'dispatcherServlet'
2023-09-08 14:48:54,506 INFO o.s.w.s.FrameworkServlet [http-nio-8080-exec-2] Initializing Servlet 'dispatcherServlet'
2023-09-08 14:48:54,509 INFO o.s.w.s.FrameworkServlet [http-nio-8080-exec-2] Completed initialization in 3 ms
2023-09-08 14:48:54,826 DEBUG o.h.s.r.i.ResultsHelper [http-nio-8080-exec-1] Collection fully initialized: [com.viniciusvieira.backend.domain.model.usuario.Pessoa.permissoes#1]
2023-09-08 14:55:40,091 DEBUG o.h.s.r.i.ResultsHelper [http-nio-8080-exec-2] Collection fully initialized: [com.viniciusvieira.backend.domain.model.usuario.Pessoa.permissoes#1]
2023-09-08 14:56:05,502 DEBUG o.h.s.r.i.ResultsHelper [http-nio-8080-exec-7] Collection fully initialized: [com.viniciusvieira.backend.domain.model.usuario.Pessoa.permissoes#1]
2023-09-08 14:57:20,936 DEBUG o.h.s.r.i.ResultsHelper [http-nio-8080-exec-10] Collection fully initialized: [com.viniciusvieira.backend.domain.model.usuario.Pessoa.permissoes#1]
2023-09-08 14:57:45,737 DEBUG o.h.s.r.i.ResultsHelper [http-nio-8080-exec-1] Collection fully initialized: [com.viniciusvieira.backend.domain.model.usuario.Pessoa.permissoes#1]
2023-09-08 14:58:07,555 DEBUG o.h.s.r.i.ResultsHelper [http-nio-8080-exec-7] Collection fully initialized: [com.viniciusvieira.backend.domain.model.usuario.Pessoa.permissoes#1]
2023-09-08 15:01:55,878 DEBUG o.h.s.r.i.ResultsHelper [http-nio-8080-exec-2] Collection fully initialized: [com.viniciusvieira.backend.domain.model.usuario.Pessoa.permissoes#1]
2023-09-08 15:09:54,181 DEBUG o.h.s.r.i.ResultsHelper [http-nio-8080-exec-10] Collection fully initialized: [com.viniciusvieira.backend.domain.model.usuario.Pessoa.permissoes#1]
2023-09-08 15:09:54,259 DEBUG o.h.s.r.i.ResultsHelper [http-nio-8080-exec-1] Collection fully initialized: [com.viniciusvieira.backend.domain.model.usuario.Pessoa.permissoes#1]
2023-09-08 15:09:54,565 DEBUG o.h.s.r.i.ResultsHelper [http-nio-8080-exec-4] Collection fully initialized: [com.viniciusvieira.backend.domain.model.usuario.Pessoa.permissoes#1]
2023-09-08 15:10:02,606 DEBUG o.h.s.r.i.ResultsHelper [http-nio-8080-exec-6] Collection fully initialized: [com.viniciusvieira.backend.domain.model.usuario.Pessoa.permissoes#1]
2023-09-08 15:10:02,871 DEBUG o.h.s.r.i.ResultsHelper [http-nio-8080-exec-8] Collection fully initialized: [com.viniciusvieira.backend.domain.model.usuario.Pessoa.permissoes#1]
2023-09-08 15:10:09,117 DEBUG o.h.s.r.i.ResultsHelper [http-nio-8080-exec-10] Collection fully initialized: [com.viniciusvieira.backend.domain.model.usuario.Pessoa.permissoes#1]
2023-09-08 15:10:43,492 DEBUG o.h.s.r.i.ResultsHelper [http-nio-8080-exec-7] Collection fully initialized: [com.viniciusvieira.backend.domain.model.usuario.Pessoa.permissoes#1]
2023-09-08 15:11:30,277 DEBUG o.h.s.r.i.ResultsHelper [http-nio-8080-exec-6] Collection fully initialized: [com.viniciusvieira.backend.domain.model.usuario.Pessoa.permissoes#1]
2023-09-08 15:11:33,075 DEBUG o.h.s.r.i.ResultsHelper [http-nio-8080-exec-8] Collection fully initialized: [com.viniciusvieira.backend.domain.model.usuario.Pessoa.permissoes#1]
2023-09-08 15:12:17,929 DEBUG o.h.s.r.i.ResultsHelper [http-nio-8080-exec-3] Collection fully initialized: [com.viniciusvieira.backend.domain.model.usuario.Pessoa.permissoes#1]
2023-09-08 15:14:28,039 DEBUG o.h.s.r.i.ResultsHelper [http-nio-8080-exec-10] Collection fully initialized: [com.viniciusvieira.backend.domain.model.usuario.Pessoa.permissoes#1]
2023-09-08 15:15:37,298 DEBUG o.h.s.r.i.ResultsHelper [http-nio-8080-exec-7] Collection fully initialized: [com.viniciusvieira.backend.domain.model.usuario.Pessoa.permissoes#1]
2023-09-08 15:16:06,818 DEBUG o.h.s.r.i.ResultsHelper [http-nio-8080-exec-9] Collection fully initialized: [com.viniciusvieira.backend.domain.model.usuario.Pessoa.permissoes#1]
2023-09-08 15:16:07,827 DEBUG o.h.s.r.i.ResultsHelper [http-nio-8080-exec-2] Collection fully initialized: [com.viniciusvieira.backend.domain.model.usuario.Pessoa.permissoes#1]
2023-09-08 15:16:07,917 DEBUG o.h.s.r.i.ResultsHelper [http-nio-8080-exec-3] Collection fully initialized: [com.viniciusvieira.backend.domain.model.usuario.Pessoa.permissoes#1]
2023-09-08 15:16:08,012 DEBUG o.h.s.r.i.ResultsHelper [http-nio-8080-exec-5] Collection fully initialized: [com.viniciusvieira.backend.domain.model.usuario.Pessoa.permissoes#1]
2023-09-08 15:16:37,372 DEBUG o.h.s.r.i.ResultsHelper [http-nio-8080-exec-7] Collection fully initialized: [com.viniciusvieira.backend.domain.model.usuario.Pessoa.permissoes#1]
2023-09-08 15:17:10,379 DEBUG o.h.s.r.i.ResultsHelper [http-nio-8080-exec-10] Collection fully initialized: [com.viniciusvieira.backend.domain.model.usuario.Pessoa.permissoes#1]
2023-09-08 15:17:21,691 DEBUG o.h.s.r.i.ResultsHelper [http-nio-8080-exec-2] Collection fully initialized: [com.viniciusvieira.backend.domain.model.usuario.Pessoa.permissoes#1]
2023-09-08 15:18:03,125 DEBUG o.h.s.r.i.ResultsHelper [http-nio-8080-exec-3] Collection fully initialized: [com.viniciusvieira.backend.domain.model.usuario.Pessoa.permissoes#1]
2023-09-08 15:18:03,431 DEBUG o.h.s.r.i.ResultsHelper [http-nio-8080-exec-5] Collection fully initialized: [com.viniciusvieira.backend.domain.model.usuario.Pessoa.permissoes#1]
2023-09-08 15:18:42,904 DEBUG o.h.s.r.i.ResultsHelper [http-nio-8080-exec-7] Collection fully initialized: [com.viniciusvieira.backend.domain.model.usuario.Pessoa.permissoes#1]
2023-09-08 15:18:43,143 DEBUG o.h.s.r.i.ResultsHelper [http-nio-8080-exec-9] Collection fully initialized: [com.viniciusvieira.backend.domain.model.usuario.Pessoa.permissoes#1]
2023-09-08 15:18:50,979 DEBUG o.h.s.r.i.ResultsHelper [http-nio-8080-exec-2] Collection fully initialized: [com.viniciusvieira.backend.domain.model.usuario.Pessoa.permissoes#1]
2023-09-08 15:19:14,243 DEBUG o.h.s.r.i.ResultsHelper [http-nio-8080-exec-4] Collection fully initialized: [com.viniciusvieira.backend.domain.model.usuario.Pessoa.permissoes#1]
2023-09-08 15:19:16,789 DEBUG o.h.s.r.i.ResultsHelper [http-nio-8080-exec-5] Collection fully initialized: [com.viniciusvieira.backend.domain.model.usuario.Pessoa.permissoes#1]
2023-09-08 15:20:10,650 DEBUG o.h.s.r.i.ResultsHelper [http-nio-8080-exec-7] Collection fully initialized: [com.viniciusvieira.backend.domain.model.usuario.Pessoa.permissoes#1]
2023-09-08 15:20:10,831 DEBUG o.h.s.r.i.ResultsHelper [http-nio-8080-exec-9] Collection fully initialized: [com.viniciusvieira.backend.domain.model.usuario.Pessoa.permissoes#1]
2023-09-08 15:20:11,003 DEBUG o.h.s.r.i.ResultsHelper [http-nio-8080-exec-2] Collection fully initialized: [com.viniciusvieira.backend.domain.model.usuario.Pessoa.permissoes#1]
2023-09-08 15:20:33,595 DEBUG o.h.s.r.i.ResultsHelper [http-nio-8080-exec-3] Collection fully initialized: [com.viniciusvieira.backend.domain.model.usuario.Pessoa.permissoes#1]
2023-09-08 15:20:40,150 DEBUG o.h.s.r.i.ResultsHelper [http-nio-8080-exec-5] Collection fully initialized: [com.viniciusvieira.backend.domain.model.usuario.Pessoa.permissoes#1]
2023-09-08 15:20:45,872 DEBUG o.h.s.r.i.ResultsHelper [http-nio-8080-exec-6] Collection fully initialized: [com.viniciusvieira.backend.domain.model.usuario.Pessoa.permissoes#1]
2023-09-08 15:25:50,259 DEBUG o.h.s.r.i.ResultsHelper [http-nio-8080-exec-5] Collection fully initialized: [com.viniciusvieira.backend.domain.model.usuario.Pessoa.permissoes#1]
2023-09-08 15:28:31,547 DEBUG o.h.s.r.i.ResultsHelper [http-nio-8080-exec-1] Collection fully initialized: [com.viniciusvieira.backend.domain.model.usuario.Pessoa.permissoes#1]
2023-09-08 15:29:49,034 DEBUG o.h.s.r.i.ResultsHelper [http-nio-8080-exec-8] Collection fully initialized: [com.viniciusvieira.backend.domain.model.usuario.Pessoa.permissoes#1]
2023-09-08 15:30:38,953 DEBUG o.h.s.r.i.ResultsHelper [http-nio-8080-exec-9] Collection fully initialized: [com.viniciusvieira.backend.domain.model.usuario.Pessoa.permissoes#1]
2023-09-08 15:31:08,047 DEBUG o.h.s.r.i.ResultsHelper [http-nio-8080-exec-2] Collection fully initialized: [com.viniciusvieira.backend.domain.model.usuario.Pessoa.permissoes#1]
2023-09-08 15:31:50,353 DEBUG o.h.s.r.i.ResultsHelper [http-nio-8080-exec-3] Collection fully initialized: [com.viniciusvieira.backend.domain.model.usuario.Pessoa.permissoes#1]
2023-09-08 15:31:51,801 DEBUG o.h.s.r.i.ResultsHelper [http-nio-8080-exec-5] Collection fully initialized: [com.viniciusvieira.backend.domain.model.usuario.Pessoa.permissoes#1]
2023-09-08 15:31:54,705 DEBUG o.h.s.r.i.ResultsHelper [http-nio-8080-exec-7] Collection fully initialized: [com.viniciusvieira.backend.domain.model.usuario.Pessoa.permissoes#1]
2023-09-08 15:32:08,419 DEBUG o.h.s.r.i.ResultsHelper [http-nio-8080-exec-9] Collection fully initialized: [com.viniciusvieira.backend.domain.model.usuario.Pessoa.permissoes#1]
2023-09-08 15:34:01,223 DEBUG o.h.s.r.i.ResultsHelper [http-nio-8080-exec-1] Collection fully initialized: [com.viniciusvieira.backend.domain.model.usuario.Pessoa.permissoes#1]
2023-09-08 15:34:04,759 DEBUG o.h.s.r.i.ResultsHelper [http-nio-8080-exec-3] Collection fully initialized: [com.viniciusvieira.backend.domain.model.usuario.Pessoa.permissoes#1]
2023-09-08 15:34:16,760 DEBUG o.h.s.r.i.ResultsHelper [http-nio-8080-exec-5] Collection fully initialized: [com.viniciusvieira.backend.domain.model.usuario.Pessoa.permissoes#1]
2023-09-08 15:35:52,516 DEBUG o.h.s.r.i.ResultsHelper [http-nio-8080-exec-9] Collection fully initialized: [com.viniciusvieira.backend.domain.model.usuario.Pessoa.permissoes#1]
2023-09-08 15:35:55,588 DEBUG o.h.s.r.i.ResultsHelper [http-nio-8080-exec-10] Collection fully initialized: [com.viniciusvieira.backend.domain.model.usuario.Pessoa.permissoes#1]
2023-09-08 15:36:32,626 DEBUG o.h.s.r.i.ResultsHelper [http-nio-8080-exec-3] Collection fully initialized: [com.viniciusvieira.backend.domain.model.usuario.Pessoa.permissoes#1]
2023-09-08 15:36:36,568 DEBUG o.h.s.r.i.ResultsHelper [http-nio-8080-exec-4] Collection fully initialized: [com.viniciusvieira.backend.domain.model.usuario.Pessoa.permissoes#1]
2023-09-08 15:37:17,949 DEBUG o.h.s.r.i.ResultsHelper [http-nio-8080-exec-6] Collection fully initialized: [com.viniciusvieira.backend.domain.model.usuario.Pessoa.permissoes#1]
2023-09-08 15:37:18,149 DEBUG o.h.s.r.i.ResultsHelper [http-nio-8080-exec-8] Collection fully initialized: [com.viniciusvieira.backend.domain.model.usuario.Pessoa.permissoes#1]
2023-09-08 15:37:18,248 DEBUG o.h.s.r.i.ResultsHelper [http-nio-8080-exec-2] Collection fully initialized: [com.viniciusvieira.backend.domain.model.usuario.Pessoa.permissoes#1]
2023-09-08 15:37:18,288 DEBUG o.h.s.r.i.ResultsHelper [http-nio-8080-exec-1] Collection fully initialized: [com.viniciusvieira.backend.domain.model.usuario.Pessoa.permissoes#1]
2023-09-08 15:37:30,792 DEBUG o.h.s.r.i.ResultsHelper [http-nio-8080-exec-4] Collection fully initialized: [com.viniciusvieira.backend.domain.model.usuario.Pessoa.permissoes#1]
2023-09-08 15:38:18,240 DEBUG o.h.s.r.i.ResultsHelper [http-nio-8080-exec-6] Collection fully initialized: [com.viniciusvieira.backend.domain.model.usuario.Pessoa.permissoes#1]
2023-09-08 15:40:25,147 DEBUG o.h.s.r.i.ResultsHelper [http-nio-8080-exec-9] Collection fully initialized: [com.viniciusvieira.backend.domain.model.usuario.Pessoa.permissoes#1]
2023-09-08 15:40:26,716 DEBUG o.h.s.r.i.ResultsHelper [http-nio-8080-exec-10] Collection fully initialized: [com.viniciusvieira.backend.domain.model.usuario.Pessoa.permissoes#1]
2023-09-08 15:40:27,169 DEBUG o.h.s.r.i.ResultsHelper [http-nio-8080-exec-3] Collection fully initialized: [com.viniciusvieira.backend.domain.model.usuario.Pessoa.permissoes#1]
2023-09-08 15:40:55,257 DEBUG o.h.s.r.i.ResultsHelper [http-nio-8080-exec-6] Collection fully initialized: [com.viniciusvieira.backend.domain.model.usuario.Pessoa.permissoes#1]
2023-09-08 15:41:15,483 DEBUG o.h.s.r.i.ResultsHelper [http-nio-8080-exec-1] Collection fully initialized: [com.viniciusvieira.backend.domain.model.usuario.Pessoa.permissoes#1]
2023-09-08 15:42:21,964 DEBUG o.h.s.r.i.ResultsHelper [http-nio-8080-exec-6] Collection fully initialized: [com.viniciusvieira.backend.domain.model.usuario.Pessoa.permissoes#1]
2023-09-08 15:42:23,191 DEBUG o.h.s.r.i.ResultsHelper [http-nio-8080-exec-8] Collection fully initialized: [com.viniciusvieira.backend.domain.model.usuario.Pessoa.permissoes#1]
2023-09-08 15:43:01,353 DEBUG o.h.s.r.i.ResultsHelper [http-nio-8080-exec-9] Collection fully initialized: [com.viniciusvieira.backend.domain.model.usuario.Pessoa.permissoes#1]
2023-09-08 15:43:02,075 DEBUG o.h.s.r.i.ResultsHelper [http-nio-8080-exec-10] Collection fully initialized: [com.viniciusvieira.backend.domain.model.usuario.Pessoa.permissoes#1]
2023-09-08 15:43:02,865 DEBUG o.h.s.r.i.ResultsHelper [http-nio-8080-exec-3] Collection fully initialized: [com.viniciusvieira.backend.domain.model.usuario.Pessoa.permissoes#1]
2023-09-08 15:43:14,749 DEBUG o.h.s.r.i.ResultsHelper [http-nio-8080-exec-6] Collection fully initialized: [com.viniciusvieira.backend.domain.model.usuario.Pessoa.permissoes#1]
2023-09-08 15:44:54,725 DEBUG o.h.s.r.i.ResultsHelper [http-nio-8080-exec-9] Collection fully initialized: [com.viniciusvieira.backend.domain.model.usuario.Pessoa.permissoes#1]
2023-09-08 15:45:30,529 DEBUG o.h.s.r.i.ResultsHelper [http-nio-8080-exec-10] Collection fully initialized: [com.viniciusvieira.backend.domain.model.usuario.Pessoa.permissoes#1]
2023-09-08 15:45:38,680 DEBUG o.h.s.r.i.ResultsHelper [http-nio-8080-exec-3] Collection fully initialized: [com.viniciusvieira.backend.domain.model.usuario.Pessoa.permissoes#1]
2023-09-08 15:45:39,467 DEBUG o.h.s.r.i.ResultsHelper [http-nio-8080-exec-6] Collection fully initialized: [com.viniciusvieira.backend.domain.model.usuario.Pessoa.permissoes#1]
2023-09-08 15:45:39,677 DEBUG o.h.s.r.i.ResultsHelper [http-nio-8080-exec-8] Collection fully initialized: [com.viniciusvieira.backend.domain.model.usuario.Pessoa.permissoes#1]
2023-09-08 15:45:39,758 DEBUG o.h.s.r.i.ResultsHelper [http-nio-8080-exec-9] Collection fully initialized: [com.viniciusvieira.backend.domain.model.usuario.Pessoa.permissoes#1]
2023-09-08 15:45:45,692 DEBUG o.h.s.r.i.ResultsHelper [http-nio-8080-exec-10] Collection fully initialized: [com.viniciusvieira.backend.domain.model.usuario.Pessoa.permissoes#1]
2023-09-08 15:46:48,462 DEBUG o.h.s.r.i.ResultsHelper [http-nio-8080-exec-6] Collection fully initialized: [com.viniciusvieira.backend.domain.model.usuario.Pessoa.permissoes#1]
2023-09-08 15:46:55,958 DEBUG o.h.s.r.i.ResultsHelper [http-nio-8080-exec-8] Collection fully initialized: [com.viniciusvieira.backend.domain.model.usuario.Pessoa.permissoes#1]
2023-09-08 15:47:00,615 DEBUG o.h.s.r.i.ResultsHelper [http-nio-8080-exec-9] Collection fully initialized: [com.viniciusvieira.backend.domain.model.usuario.Pessoa.permissoes#1]
2023-09-08 15:47:01,283 DEBUG o.h.s.r.i.ResultsHelper [http-nio-8080-exec-10] Collection fully initialized: [com.viniciusvieira.backend.domain.model.usuario.Pessoa.permissoes#1]
2023-09-08 15:47:28,050 DEBUG o.h.s.r.i.ResultsHelper [http-nio-8080-exec-3] Collection fully initialized: [com.viniciusvieira.backend.domain.model.usuario.Pessoa.permissoes#1]
2023-09-08 15:48:00,693 DEBUG o.h.s.r.i.ResultsHelper [http-nio-8080-exec-6] Collection fully initialized: [com.viniciusvieira.backend.domain.model.usuario.Pessoa.permissoes#1]
2023-09-08 15:51:03,045 DEBUG o.h.s.r.i.ResultsHelper [http-nio-8080-exec-5] Collection fully initialized: [com.viniciusvieira.backend.domain.model.usuario.Pessoa.permissoes#1]
2023-09-08 15:51:35,246 DEBUG o.h.s.r.i.ResultsHelper [http-nio-8080-exec-7] Collection fully initialized: [com.viniciusvieira.backend.domain.model.usuario.Pessoa.permissoes#1]
2023-09-08 15:51:53,756 DEBUG o.h.s.r.i.ResultsHelper [http-nio-8080-exec-9] Collection fully initialized: [com.viniciusvieira.backend.domain.model.usuario.Pessoa.permissoes#1]
2023-09-08 15:57:06,714 DEBUG o.h.s.r.i.ResultsHelper [http-nio-8080-exec-3] Collection fully initialized: [com.viniciusvieira.backend.domain.model.usuario.Pessoa.permissoes#1]
2023-09-08 15:57:36,057 DEBUG o.h.s.r.i.ResultsHelper [http-nio-8080-exec-6] Collection fully initialized: [com.viniciusvieira.backend.domain.model.usuario.Pessoa.permissoes#1]
2023-09-08 15:57:43,803 DEBUG o.h.s.r.i.ResultsHelper [http-nio-8080-exec-8] Collection fully initialized: [com.viniciusvieira.backend.domain.model.usuario.Pessoa.permissoes#1]
2023-09-08 15:57:45,572 DEBUG o.h.s.r.i.ResultsHelper [http-nio-8080-exec-9] Collection fully initialized: [com.viniciusvieira.backend.domain.model.usuario.Pessoa.permissoes#1]
2023-09-08 15:57:47,473 DEBUG o.h.s.r.i.ResultsHelper [http-nio-8080-exec-10] Collection fully initialized: [com.viniciusvieira.backend.domain.model.usuario.Pessoa.permissoes#1]
2023-09-08 15:57:48,091 DEBUG o.h.s.r.i.ResultsHelper [http-nio-8080-exec-3] Collection fully initialized: [com.viniciusvieira.backend.domain.model.usuario.Pessoa.permissoes#1]
2023-09-08 15:57:48,337 DEBUG o.h.s.r.i.ResultsHelper [http-nio-8080-exec-6] Collection fully initialized: [com.viniciusvieira.backend.domain.model.usuario.Pessoa.permissoes#1]
2023-09-08 15:57:48,552 DEBUG o.h.s.r.i.ResultsHelper [http-nio-8080-exec-8] Collection fully initialized: [com.viniciusvieira.backend.domain.model.usuario.Pessoa.permissoes#1]
2023-09-08 15:58:13,508 DEBUG o.h.s.r.i.ResultsHelper [http-nio-8080-exec-9] Collection fully initialized: [com.viniciusvieira.backend.domain.model.usuario.Pessoa.permissoes#1]
2023-09-08 15:58:37,147 DEBUG o.h.s.r.i.ResultsHelper [http-nio-8080-exec-4] Collection fully initialized: [com.viniciusvieira.backend.domain.model.usuario.Pessoa.permissoes#1]
2023-09-08 16:00:16,234 DEBUG o.h.s.r.i.ResultsHelper [http-nio-8080-exec-2] Collection fully initialized: [com.viniciusvieira.backend.domain.model.usuario.Pessoa.permissoes#1]
2023-09-08 16:04:07,791 DEBUG o.h.s.r.i.ResultsHelper [http-nio-8080-exec-1] Collection fully initialized: [com.viniciusvieira.backend.domain.model.usuario.Pessoa.permissoes#1]
2023-09-08 16:12:05,112 DEBUG o.h.s.r.i.ResultsHelper [http-nio-8080-exec-9] Collection fully initialized: [com.viniciusvieira.backend.domain.model.usuario.Pessoa.permissoes#1]
2023-09-08 16:12:37,035 DEBUG o.h.s.r.i.ResultsHelper [http-nio-8080-exec-2] Collection fully initialized: [com.viniciusvieira.backend.domain.model.usuario.Pessoa.permissoes#1]
2023-09-08 16:13:55,572 DEBUG o.h.s.r.i.ResultsHelper [http-nio-8080-exec-3] Collection fully initialized: [com.viniciusvieira.backend.domain.model.usuario.Pessoa.permissoes#1]
2023-09-08 16:14:51,164 DEBUG o.h.s.r.i.ResultsHelper [http-nio-8080-exec-6] Collection fully initialized: [com.viniciusvieira.backend.domain.model.usuario.Pessoa.permissoes#1]
2023-09-08 16:14:54,839 DEBUG o.h.s.r.i.ResultsHelper [http-nio-8080-exec-8] Collection fully initialized: [com.viniciusvieira.backend.domain.model.usuario.Pessoa.permissoes#1]
2023-09-08 16:15:03,072 DEBUG o.h.s.r.i.ResultsHelper [http-nio-8080-exec-9] Collection fully initialized: [com.viniciusvieira.backend.domain.model.usuario.Pessoa.permissoes#1]
2023-09-08 16:15:03,181 DEBUG o.h.s.r.i.ResultsHelper [http-nio-8080-exec-2] Collection fully initialized: [com.viniciusvieira.backend.domain.model.usuario.Pessoa.permissoes#1]
2023-09-08 16:15:29,326 DEBUG o.h.s.r.i.ResultsHelper [http-nio-8080-exec-3] Collection fully initialized: [com.viniciusvieira.backend.domain.model.usuario.Pessoa.permissoes#1]
2023-09-08 16:15:34,219 DEBUG o.h.s.r.i.ResultsHelper [http-nio-8080-exec-4] Collection fully initialized: [com.viniciusvieira.backend.domain.model.usuario.Pessoa.permissoes#1]
2023-09-08 16:16:20,734 DEBUG o.h.s.r.i.ResultsHelper [http-nio-8080-exec-5] Collection fully initialized: [com.viniciusvieira.backend.domain.model.usuario.Pessoa.permissoes#1]
2023-09-08 16:16:22,047 DEBUG o.h.s.r.i.ResultsHelper [http-nio-8080-exec-7] Collection fully initialized: [com.viniciusvieira.backend.domain.model.usuario.Pessoa.permissoes#1]
2023-09-08 16:16:29,070 DEBUG o.h.s.r.i.ResultsHelper [http-nio-8080-exec-10] Collection fully initialized: [com.viniciusvieira.backend.domain.model.usuario.Pessoa.permissoes#1]
2023-09-08 16:16:54,514 DEBUG o.h.s.r.i.ResultsHelper [http-nio-8080-exec-1] Collection fully initialized: [com.viniciusvieira.backend.domain.model.usuario.Pessoa.permissoes#1]
2023-09-08 16:22:20,718 DEBUG o.h.s.r.i.ResultsHelper [http-nio-8080-exec-4] Collection fully initialized: [com.viniciusvieira.backend.domain.model.usuario.Pessoa.permissoes#1]
2023-09-08 16:23:36,781 DEBUG o.h.s.r.i.ResultsHelper [http-nio-8080-exec-8] Collection fully initialized: [com.viniciusvieira.backend.domain.model.usuario.Pessoa.permissoes#1]
2023-09-08 16:23:45,523 DEBUG o.h.s.r.i.ResultsHelper [http-nio-8080-exec-9] Collection fully initialized: [com.viniciusvieira.backend.domain.model.usuario.Pessoa.permissoes#1]
2023-09-08 16:23:51,980 DEBUG o.h.s.r.i.ResultsHelper [http-nio-8080-exec-2] Collection fully initialized: [com.viniciusvieira.backend.domain.model.usuario.Pessoa.permissoes#1]
2023-09-08 16:24:11,632 DEBUG o.h.s.r.i.ResultsHelper [http-nio-8080-exec-3] Collection fully initialized: [com.viniciusvieira.backend.domain.model.usuario.Pessoa.permissoes#1]
2023-09-08 16:24:46,806 DEBUG o.h.s.r.i.ResultsHelper [http-nio-8080-exec-7] Collection fully initialized: [com.viniciusvieira.backend.domain.model.usuario.Pessoa.permissoes#1]
2023-09-08 16:25:07,864 DEBUG o.h.s.r.i.ResultsHelper [http-nio-8080-exec-9] Collection fully initialized: [com.viniciusvieira.backend.domain.model.usuario.Pessoa.permissoes#1]
2023-09-08 16:26:26,351 DEBUG o.h.s.r.i.ResultsHelper [http-nio-8080-exec-1] Collection fully initialized: [com.viniciusvieira.backend.domain.model.usuario.Pessoa.permissoes#1]
2023-09-08 16:26:31,829 DEBUG o.h.s.r.i.ResultsHelper [http-nio-8080-exec-4] Collection fully initialized: [com.viniciusvieira.backend.domain.model.usuario.Pessoa.permissoes#1]
2023-09-08 16:26:34,579 DEBUG o.h.s.r.i.ResultsHelper [http-nio-8080-exec-5] Collection fully initialized: [com.viniciusvieira.backend.domain.model.usuario.Pessoa.permissoes#1]
2023-09-08 16:26:34,906 DEBUG o.h.s.r.i.ResultsHelper [http-nio-8080-exec-7] Collection fully initialized: [com.viniciusvieira.backend.domain.model.usuario.Pessoa.permissoes#1]
2023-09-08 16:27:27,206 DEBUG o.h.s.r.i.ResultsHelper [http-nio-8080-exec-10] Collection fully initialized: [com.viniciusvieira.backend.domain.model.usuario.Pessoa.permissoes#1]
2023-09-08 16:27:28,752 DEBUG o.h.s.r.i.ResultsHelper [http-nio-8080-exec-1] Collection fully initialized: [com.viniciusvieira.backend.domain.model.usuario.Pessoa.permissoes#1]
2023-09-08 16:27:29,221 DEBUG o.h.s.r.i.ResultsHelper [http-nio-8080-exec-4] Collection fully initialized: [com.viniciusvieira.backend.domain.model.usuario.Pessoa.permissoes#1]
2023-09-08 16:27:58,666 DEBUG o.h.s.r.i.ResultsHelper [http-nio-8080-exec-5] Collection fully initialized: [com.viniciusvieira.backend.domain.model.usuario.Pessoa.permissoes#1]
2023-09-08 16:28:59,738 DEBUG o.h.s.r.i.ResultsHelper [http-nio-8080-exec-4] Collection fully initialized: [com.viniciusvieira.backend.domain.model.usuario.Pessoa.permissoes#1]
2023-09-08 16:29:07,083 DEBUG o.h.s.r.i.ResultsHelper [http-nio-8080-exec-6] Collection fully initialized: [com.viniciusvieira.backend.domain.model.usuario.Pessoa.permissoes#1]
2023-09-08 16:29:48,559 DEBUG o.h.s.r.i.ResultsHelper [http-nio-8080-exec-8] Collection fully initialized: [com.viniciusvieira.backend.domain.model.usuario.Pessoa.permissoes#1]
2023-09-08 16:29:53,225 DEBUG o.h.s.r.i.ResultsHelper [http-nio-8080-exec-9] Collection fully initialized: [com.viniciusvieira.backend.domain.model.usuario.Pessoa.permissoes#1]
2023-09-08 16:29:59,800 DEBUG o.h.s.r.i.ResultsHelper [http-nio-8080-exec-2] Collection fully initialized: [com.viniciusvieira.backend.domain.model.usuario.Pessoa.permissoes#1]
2023-09-08 16:29:59,946 DEBUG o.h.s.r.i.ResultsHelper [http-nio-8080-exec-3] Collection fully initialized: [com.viniciusvieira.backend.domain.model.usuario.Pessoa.permissoes#1]
2023-09-08 16:34:08,091 DEBUG o.h.s.r.i.ResultsHelper [http-nio-8080-exec-8] Collection fully initialized: [com.viniciusvieira.backend.domain.model.usuario.Pessoa.permissoes#1]
2023-09-08 16:36:15,660 DEBUG o.h.s.r.i.ResultsHelper [http-nio-8080-exec-10] Collection fully initialized: [com.viniciusvieira.backend.domain.model.usuario.Pessoa.permissoes#1]
2023-09-08 16:36:16,967 DEBUG o.h.s.r.i.ResultsHelper [http-nio-8080-exec-1] Collection fully initialized: [com.viniciusvieira.backend.domain.model.usuario.Pessoa.permissoes#1]
2023-09-08 16:36:39,191 DEBUG o.h.s.r.i.ResultsHelper [http-nio-8080-exec-6] Collection fully initialized: [com.viniciusvieira.backend.domain.model.usuario.Pessoa.permissoes#1]
2023-09-08 16:36:44,635 DEBUG o.h.s.r.i.ResultsHelper [http-nio-8080-exec-4] Collection fully initialized: [com.viniciusvieira.backend.domain.model.usuario.Pessoa.permissoes#1]
2023-09-08 16:37:16,105 DEBUG o.h.s.r.i.ResultsHelper [http-nio-8080-exec-8] Collection fully initialized: [com.viniciusvieira.backend.domain.model.usuario.Pessoa.permissoes#1]
2023-09-08 16:37:18,127 DEBUG o.h.s.r.i.ResultsHelper [http-nio-8080-exec-9] Collection fully initialized: [com.viniciusvieira.backend.domain.model.usuario.Pessoa.permissoes#1]
2023-09-08 16:37:25,008 DEBUG o.h.s.r.i.ResultsHelper [http-nio-8080-exec-2] Collection fully initialized: [com.viniciusvieira.backend.domain.model.usuario.Pessoa.permissoes#1]
2023-09-08 16:37:28,891 DEBUG o.h.s.r.i.ResultsHelper [http-nio-8080-exec-3] Collection fully initialized: [com.viniciusvieira.backend.domain.model.usuario.Pessoa.permissoes#1]
2023-09-08 16:37:34,884 DEBUG o.h.s.r.i.ResultsHelper [http-nio-8080-exec-4] Collection fully initialized: [com.viniciusvieira.backend.domain.model.usuario.Pessoa.permissoes#1]
2023-09-08 16:37:35,367 DEBUG o.h.s.r.i.ResultsHelper [http-nio-8080-exec-8] Collection fully initialized: [com.viniciusvieira.backend.domain.model.usuario.Pessoa.permissoes#1]
2023-09-08 16:37:35,955 DEBUG o.h.s.r.i.ResultsHelper [http-nio-8080-exec-9] Collection fully initialized: [com.viniciusvieira.backend.domain.model.usuario.Pessoa.permissoes#1]
2023-09-08 16:37:36,403 DEBUG o.h.s.r.i.ResultsHelper [http-nio-8080-exec-2] Collection fully initialized: [com.viniciusvieira.backend.domain.model.usuario.Pessoa.permissoes#1]
2023-09-08 16:37:36,506 DEBUG o.h.s.r.i.ResultsHelper [http-nio-8080-exec-3] Collection fully initialized: [com.viniciusvieira.backend.domain.model.usuario.Pessoa.permissoes#1]
2023-09-08 16:37:43,201 DEBUG o.h.s.r.i.ResultsHelper [http-nio-8080-exec-5] Collection fully initialized: [com.viniciusvieira.backend.domain.model.usuario.Pessoa.permissoes#1]
2023-09-08 16:39:00,708 DEBUG o.h.s.r.i.ResultsHelper [http-nio-8080-exec-10] Collection fully initialized: [com.viniciusvieira.backend.domain.model.usuario.Pessoa.permissoes#1]
2023-09-08 16:39:07,382 DEBUG o.h.s.r.i.ResultsHelper [http-nio-8080-exec-1] Collection fully initialized: [com.viniciusvieira.backend.domain.model.usuario.Pessoa.permissoes#1]
2023-09-08 16:39:08,521 DEBUG o.h.s.r.i.ResultsHelper [http-nio-8080-exec-6] Collection fully initialized: [com.viniciusvieira.backend.domain.model.usuario.Pessoa.permissoes#1]
2023-09-08 16:39:13,292 DEBUG o.h.s.r.i.ResultsHelper [http-nio-8080-exec-5] Collection fully initialized: [com.viniciusvieira.backend.domain.model.usuario.Pessoa.permissoes#1]
2023-09-08 16:39:24,035 DEBUG o.h.s.r.i.ResultsHelper [http-nio-8080-exec-8] Collection fully initialized: [com.viniciusvieira.backend.domain.model.usuario.Pessoa.permissoes#1]
2023-09-08 16:40:40,636 DEBUG o.h.s.r.i.ResultsHelper [http-nio-8080-exec-2] Collection fully initialized: [com.viniciusvieira.backend.domain.model.usuario.Pessoa.permissoes#1]
2023-09-08 16:40:46,472 DEBUG o.h.s.r.i.ResultsHelper [http-nio-8080-exec-3] Collection fully initialized: [com.viniciusvieira.backend.domain.model.usuario.Pessoa.permissoes#1]
2023-09-08 16:41:55,033 DEBUG o.h.s.r.i.ResultsHelper [http-nio-8080-exec-7] Collection fully initialized: [com.viniciusvieira.backend.domain.model.usuario.Pessoa.permissoes#1]
2023-09-08 16:41:59,198 DEBUG o.h.s.r.i.ResultsHelper [http-nio-8080-exec-8] Collection fully initialized: [com.viniciusvieira.backend.domain.model.usuario.Pessoa.permissoes#1]
2023-09-08 16:42:34,652 DEBUG o.h.s.r.i.ResultsHelper [http-nio-8080-exec-10] Collection fully initialized: [com.viniciusvieira.backend.domain.model.usuario.Pessoa.permissoes#1]
2023-09-08 16:42:35,542 DEBUG o.h.s.r.i.ResultsHelper [http-nio-8080-exec-1] Collection fully initialized: [com.viniciusvieira.backend.domain.model.usuario.Pessoa.permissoes#1]
2023-09-08 16:42:58,458 DEBUG o.h.s.r.i.ResultsHelper [http-nio-8080-exec-4] Collection fully initialized: [com.viniciusvieira.backend.domain.model.usuario.Pessoa.permissoes#1]
2023-09-08 16:43:12,871 DEBUG o.h.s.r.i.ResultsHelper [http-nio-8080-exec-5] Collection fully initialized: [com.viniciusvieira.backend.domain.model.usuario.Pessoa.permissoes#1]
2023-09-08 16:44:29,762 DEBUG o.h.s.r.i.ResultsHelper [http-nio-8080-exec-9] Collection fully initialized: [com.viniciusvieira.backend.domain.model.usuario.Pessoa.permissoes#1]
2023-09-08 16:44:31,336 DEBUG o.h.s.r.i.ResultsHelper [http-nio-8080-exec-2] Collection fully initialized: [com.viniciusvieira.backend.domain.model.usuario.Pessoa.permissoes#1]
2023-09-08 16:44:31,843 DEBUG o.h.s.r.i.ResultsHelper [http-nio-8080-exec-3] Collection fully initialized: [com.viniciusvieira.backend.domain.model.usuario.Pessoa.permissoes#1]
2023-09-08 16:49:20,487 DEBUG o.h.s.r.i.ResultsHelper [http-nio-8080-exec-8] Collection fully initialized: [com.viniciusvieira.backend.domain.model.usuario.Pessoa.permissoes#1]
2023-09-08 16:49:25,412 DEBUG o.h.s.r.i.ResultsHelper [http-nio-8080-exec-9] Collection fully initialized: [com.viniciusvieira.backend.domain.model.usuario.Pessoa.permissoes#1]
2023-09-08 16:50:37,556 DEBUG o.h.s.r.i.ResultsHelper [http-nio-8080-exec-3] Collection fully initialized: [com.viniciusvieira.backend.domain.model.usuario.Pessoa.permissoes#1]
2023-09-08 16:50:53,300 DEBUG o.h.s.r.i.ResultsHelper [http-nio-8080-exec-4] Collection fully initialized: [com.viniciusvieira.backend.domain.model.usuario.Pessoa.permissoes#1]
2023-09-08 16:50:54,946 DEBUG o.h.s.r.i.ResultsHelper [http-nio-8080-exec-5] Collection fully initialized: [com.viniciusvieira.backend.domain.model.usuario.Pessoa.permissoes#1]
2023-09-08 16:53:03,990 DEBUG o.h.s.r.i.ResultsHelper [http-nio-8080-exec-2] Collection fully initialized: [com.viniciusvieira.backend.domain.model.usuario.Pessoa.permissoes#1]
2023-09-08 16:54:13,930 DEBUG o.h.s.r.i.ResultsHelper [http-nio-8080-exec-6] Collection fully initialized: [com.viniciusvieira.backend.domain.model.usuario.Pessoa.permissoes#1]
2023-09-08 16:54:18,885 DEBUG o.h.s.r.i.ResultsHelper [http-nio-8080-exec-5] Collection fully initialized: [com.viniciusvieira.backend.domain.model.usuario.Pessoa.permissoes#1]
2023-09-08 16:54:26,164 DEBUG o.h.s.r.i.ResultsHelper [http-nio-8080-exec-8] Collection fully initialized: [com.viniciusvieira.backend.domain.model.usuario.Pessoa.permissoes#1]
2023-09-08 16:54:29,719 DEBUG o.h.s.r.i.ResultsHelper [http-nio-8080-exec-10] Collection fully initialized: [com.viniciusvieira.backend.domain.model.usuario.Pessoa.permissoes#1]
2023-09-08 16:54:31,293 DEBUG o.h.s.r.i.ResultsHelper [http-nio-8080-exec-1] Collection fully initialized: [com.viniciusvieira.backend.domain.model.usuario.Pessoa.permissoes#1]
2023-09-08 16:55:42,734 DEBUG o.h.s.r.i.ResultsHelper [http-nio-8080-exec-4] Collection fully initialized: [com.viniciusvieira.backend.domain.model.usuario.Pessoa.permissoes#1]
2023-09-08 16:55:48,740 DEBUG o.h.s.r.i.ResultsHelper [http-nio-8080-exec-7] Collection fully initialized: [com.viniciusvieira.backend.domain.model.usuario.Pessoa.permissoes#1]
2023-09-08 16:56:44,175 DEBUG o.h.s.r.i.ResultsHelper [http-nio-8080-exec-8] Collection fully initialized: [com.viniciusvieira.backend.domain.model.usuario.Pessoa.permissoes#1]
2023-09-08 16:59:37,086 DEBUG o.h.s.r.i.ResultsHelper [http-nio-8080-exec-1] Collection fully initialized: [com.viniciusvieira.backend.domain.model.usuario.Pessoa.permissoes#1]
2023-09-08 17:00:03,570 DEBUG o.h.s.r.i.ResultsHelper [http-nio-8080-exec-3] Collection fully initialized: [com.viniciusvieira.backend.domain.model.usuario.Pessoa.permissoes#1]
2023-09-08 17:01:41,644 DEBUG o.h.s.r.i.ResultsHelper [http-nio-8080-exec-7] Collection fully initialized: [com.viniciusvieira.backend.domain.model.usuario.Pessoa.permissoes#1]
2023-09-08 17:01:45,718 DEBUG o.h.s.r.i.ResultsHelper [http-nio-8080-exec-9] Collection fully initialized: [com.viniciusvieira.backend.domain.model.usuario.Pessoa.permissoes#1]
2023-09-08 17:02:27,753 DEBUG o.h.s.r.i.ResultsHelper [http-nio-8080-exec-10] Collection fully initialized: [com.viniciusvieira.backend.domain.model.usuario.Pessoa.permissoes#1]
2023-09-08 17:04:09,841 DEBUG o.h.s.r.i.ResultsHelper [http-nio-8080-exec-3] Collection fully initialized: [com.viniciusvieira.backend.domain.model.usuario.Pessoa.permissoes#1]
2023-09-08 17:04:09,852 DEBUG o.h.s.r.i.ResultsHelper [http-nio-8080-exec-6] Collection fully initialized: [com.viniciusvieira.backend.domain.model.usuario.Pessoa.permissoes#1]
2023-09-08 17:04:24,178 DEBUG o.h.s.r.i.ResultsHelper [http-nio-8080-exec-5] Collection fully initialized: [com.viniciusvieira.backend.domain.model.usuario.Pessoa.permissoes#1]
2023-09-08 17:04:28,700 DEBUG o.h.s.r.i.ResultsHelper [http-nio-8080-exec-8] Collection fully initialized: [com.viniciusvieira.backend.domain.model.usuario.Pessoa.permissoes#1]
2023-09-08 17:04:29,261 DEBUG o.h.s.r.i.ResultsHelper [http-nio-8080-exec-10] Collection fully initialized: [com.viniciusvieira.backend.domain.model.usuario.Pessoa.permissoes#1]
2023-09-08 17:05:00,414 DEBUG o.h.s.r.i.ResultsHelper [http-nio-8080-exec-2] Collection fully initialized: [com.viniciusvieira.backend.domain.model.usuario.Pessoa.permissoes#1]
2023-09-08 17:05:55,200 DEBUG o.h.s.r.i.ResultsHelper [http-nio-8080-exec-6] Collection fully initialized: [com.viniciusvieira.backend.domain.model.usuario.Pessoa.permissoes#1]
2023-09-08 17:06:06,937 DEBUG o.h.s.r.i.ResultsHelper [http-nio-8080-exec-4] Collection fully initialized: [com.viniciusvieira.backend.domain.model.usuario.Pessoa.permissoes#1]
2023-09-08 17:07:00,431 DEBUG o.h.s.r.i.ResultsHelper [http-nio-8080-exec-8] Collection fully initialized: [com.viniciusvieira.backend.domain.model.usuario.Pessoa.permissoes#1]
2023-09-08 17:07:07,312 DEBUG o.h.s.r.i.ResultsHelper [http-nio-8080-exec-9] Collection fully initialized: [com.viniciusvieira.backend.domain.model.usuario.Pessoa.permissoes#1]
2023-09-08 17:07:10,448 DEBUG o.h.s.r.i.ResultsHelper [http-nio-8080-exec-2] Collection fully initialized: [com.viniciusvieira.backend.domain.model.usuario.Pessoa.permissoes#1]
2023-09-08 17:07:19,465 DEBUG o.h.s.r.i.ResultsHelper [http-nio-8080-exec-3] Collection fully initialized: [com.viniciusvieira.backend.domain.model.usuario.Pessoa.permissoes#1]
2023-09-08 17:07:20,090 DEBUG o.h.s.r.i.ResultsHelper [http-nio-8080-exec-4] Collection fully initialized: [com.viniciusvieira.backend.domain.model.usuario.Pessoa.permissoes#1]
2023-09-08 17:07:20,405 DEBUG o.h.s.r.i.ResultsHelper [http-nio-8080-exec-8] Collection fully initialized: [com.viniciusvieira.backend.domain.model.usuario.Pessoa.permissoes#1]
2023-09-08 17:07:34,866 DEBUG o.h.s.r.i.ResultsHelper [http-nio-8080-exec-7] Collection fully initialized: [com.viniciusvieira.backend.domain.model.usuario.Pessoa.permissoes#1]
2023-09-08 17:08:02,718 DEBUG o.h.s.r.i.ResultsHelper [http-nio-8080-exec-10] Collection fully initialized: [com.viniciusvieira.backend.domain.model.usuario.Pessoa.permissoes#1]
2023-09-08 17:08:42,072 DEBUG o.h.s.r.i.ResultsHelper [http-nio-8080-exec-3] Collection fully initialized: [com.viniciusvieira.backend.domain.model.usuario.Pessoa.permissoes#1]
2023-09-08 17:08:44,970 DEBUG o.h.s.r.i.ResultsHelper [http-nio-8080-exec-6] Collection fully initialized: [com.viniciusvieira.backend.domain.model.usuario.Pessoa.permissoes#1]
2023-09-08 17:08:48,189 DEBUG o.h.s.r.i.ResultsHelper [http-nio-8080-exec-5] Collection fully initialized: [com.viniciusvieira.backend.domain.model.usuario.Pessoa.permissoes#1]
2023-09-08 17:08:55,883 DEBUG o.h.s.r.i.ResultsHelper [http-nio-8080-exec-9] Collection fully initialized: [com.viniciusvieira.backend.domain.model.usuario.Pessoa.permissoes#1]
2023-09-08 17:09:18,126 DEBUG o.h.s.r.i.ResultsHelper [http-nio-8080-exec-2] Collection fully initialized: [com.viniciusvieira.backend.domain.model.usuario.Pessoa.permissoes#1]
2023-09-08 17:09:18,206 DEBUG o.h.s.r.i.ResultsHelper [http-nio-8080-exec-1] Collection fully initialized: [com.viniciusvieira.backend.domain.model.usuario.Pessoa.permissoes#1]
2023-09-08 17:09:25,793 DEBUG o.h.s.r.i.ResultsHelper [http-nio-8080-exec-3] Collection fully initialized: [com.viniciusvieira.backend.domain.model.usuario.Pessoa.permissoes#1]
2023-09-08 17:10:13,762 DEBUG o.h.s.r.i.ResultsHelper [http-nio-8080-exec-6] Collection fully initialized: [com.viniciusvieira.backend.domain.model.usuario.Pessoa.permissoes#1]
2023-09-08 17:11:48,588 DEBUG o.h.s.r.i.ResultsHelper [http-nio-8080-exec-9] Collection fully initialized: [com.viniciusvieira.backend.domain.model.usuario.Pessoa.permissoes#1]
2023-09-08 17:11:58,734 DEBUG o.h.s.r.i.ResultsHelper [http-nio-8080-exec-10] Collection fully initialized: [com.viniciusvieira.backend.domain.model.usuario.Pessoa.permissoes#1]
2023-09-08 17:13:44,210 DEBUG o.h.s.r.i.ResultsHelper [http-nio-8080-exec-6] Collection fully initialized: [com.viniciusvieira.backend.domain.model.usuario.Pessoa.permissoes#1]
2023-09-08 17:13:47,825 DEBUG o.h.s.r.i.ResultsHelper [http-nio-8080-exec-5] Collection fully initialized: [com.viniciusvieira.backend.domain.model.usuario.Pessoa.permissoes#1]
2023-09-08 17:14:19,101 DEBUG o.h.s.r.i.ResultsHelper [http-nio-8080-exec-1] Collection fully initialized: [com.viniciusvieira.backend.domain.model.usuario.Pessoa.permissoes#1]
2023-09-08 17:15:14,100 DEBUG o.h.s.r.i.ResultsHelper [http-nio-8080-exec-4] Collection fully initialized: [com.viniciusvieira.backend.domain.model.usuario.Pessoa.permissoes#1]
2023-09-08 17:15:14,119 DEBUG o.h.s.r.i.ResultsHelper [http-nio-8080-exec-6] Collection fully initialized: [com.viniciusvieira.backend.domain.model.usuario.Pessoa.permissoes#1]
2023-09-08 17:15:30,002 DEBUG o.h.s.r.i.ResultsHelper [http-nio-8080-exec-5] Collection fully initialized: [com.viniciusvieira.backend.domain.model.usuario.Pessoa.permissoes#1]
2023-09-08 17:15:33,893 DEBUG o.h.s.r.i.ResultsHelper [http-nio-8080-exec-9] Collection fully initialized: [com.viniciusvieira.backend.domain.model.usuario.Pessoa.permissoes#1]
2023-09-08 17:17:36,552 DEBUG o.h.s.r.i.ResultsHelper [http-nio-8080-exec-1] Collection fully initialized: [com.viniciusvieira.backend.domain.model.usuario.Pessoa.permissoes#1]
2023-09-08 17:18:09,612 DEBUG o.h.s.r.i.ResultsHelper [http-nio-8080-exec-4] Collection fully initialized: [com.viniciusvieira.backend.domain.model.usuario.Pessoa.permissoes#1]
2023-09-08 17:18:24,185 DEBUG o.h.s.r.i.ResultsHelper [http-nio-8080-exec-8] Collection fully initialized: [com.viniciusvieira.backend.domain.model.usuario.Pessoa.permissoes#1]
2023-09-08 17:18:27,302 DEBUG o.h.s.r.i.ResultsHelper [http-nio-8080-exec-7] Collection fully initialized: [com.viniciusvieira.backend.domain.model.usuario.Pessoa.permissoes#1]
2023-09-08 17:20:25,637 DEBUG o.h.s.r.i.ResultsHelper [http-nio-8080-exec-8] Collection fully initialized: [com.viniciusvieira.backend.domain.model.usuario.Pessoa.permissoes#1]
2023-09-08 17:23:43,344 DEBUG o.h.s.r.i.ResultsHelper [http-nio-8080-exec-4] Collection fully initialized: [com.viniciusvieira.backend.domain.model.usuario.Pessoa.permissoes#1]
2023-09-08 17:23:51,216 DEBUG o.h.s.r.i.ResultsHelper [http-nio-8080-exec-6] Collection fully initialized: [com.viniciusvieira.backend.domain.model.usuario.Pessoa.permissoes#1]
2023-09-08 17:24:10,130 DEBUG o.h.s.r.i.ResultsHelper [http-nio-8080-exec-8] Collection fully initialized: [com.viniciusvieira.backend.domain.model.usuario.Pessoa.permissoes#1]
2023-09-08 17:24:29,229 DEBUG o.h.s.r.i.ResultsHelper [http-nio-8080-exec-5] Collection fully initialized: [com.viniciusvieira.backend.domain.model.usuario.Pessoa.permissoes#1]
2023-09-08 17:24:29,712 WARN o.s.w.s.h.AbstractHandlerExceptionResolver [http-nio-8080-exec-9] Resolved [org.springframework.web.bind.MethodArgumentNotValidException: Validation failed for argument [1] in public org.springframework.http.ResponseEntity<com.viniciusvieira.backend.api.representation.model.response.usuario.PessoaResponse> com.viniciusvieira.backend.api.controller.usuario.PessoaController.alterar(java.lang.Long,com.viniciusvieira.backend.api.representation.model.request.usuario.PessoaRequest): [Field error in object 'pessoaRequest' on field 'nomePermissao': rejected value [null]; codes [NotBlank.pessoaRequest.nomePermissao,NotBlank.nomePermissao,NotBlank.java.lang.String,NotBlank]; arguments [org.springframework.context.support.DefaultMessageSourceResolvable: codes [pessoaRequest.nomePermissao,nomePermissao]; arguments []; default message [nomePermissao]]; default message [NOME da Permissao nao pode ser nulo ou em branco]] ]
2023-09-08 17:26:03,781 DEBUG o.h.s.r.i.ResultsHelper [http-nio-8080-exec-10] Collection fully initialized: [com.viniciusvieira.backend.domain.model.usuario.Pessoa.permissoes#1]
2023-09-08 17:26:05,576 DEBUG o.h.s.r.i.ResultsHelper [http-nio-8080-exec-3] Collection fully initialized: [com.viniciusvieira.backend.domain.model.usuario.Pessoa.permissoes#1]
2023-09-08 17:26:07,380 DEBUG o.h.s.r.i.ResultsHelper [http-nio-8080-exec-6] Collection fully initialized: [com.viniciusvieira.backend.domain.model.usuario.Pessoa.permissoes#1]
2023-09-08 17:26:22,340 DEBUG o.h.s.r.i.ResultsHelper [http-nio-8080-exec-5] Collection fully initialized: [com.viniciusvieira.backend.domain.model.usuario.Pessoa.permissoes#1]
2023-09-08 17:26:23,157 DEBUG o.h.s.r.i.ResultsHelper [http-nio-8080-exec-9] Collection fully initialized: [com.viniciusvieira.backend.domain.model.usuario.Pessoa.permissoes#1]
2023-09-08 17:26:45,784 DEBUG o.h.s.r.i.ResultsHelper [http-nio-8080-exec-2] Collection fully initialized: [com.viniciusvieira.backend.domain.model.usuario.Pessoa.permissoes#1]
2023-09-08 17:26:53,937 DEBUG o.h.s.r.i.ResultsHelper [http-nio-8080-exec-10] Collection fully initialized: [com.viniciusvieira.backend.domain.model.usuario.Pessoa.permissoes#1]
2023-09-08 17:26:53,963 WARN o.s.w.s.h.AbstractHandlerExceptionResolver [http-nio-8080-exec-1] Resolved [org.springframework.web.bind.MethodArgumentNotValidException: Validation failed for argument [1] in public org.springframework.http.ResponseEntity<com.viniciusvieira.backend.api.representation.model.response.usuario.PessoaResponse> com.viniciusvieira.backend.api.controller.usuario.PessoaController.alterar(java.lang.Long,com.viniciusvieira.backend.api.representation.model.request.usuario.PessoaRequest): [Field error in object 'pessoaRequest' on field 'nomePermissao': rejected value [null]; codes [NotBlank.pessoaRequest.nomePermissao,NotBlank.nomePermissao,NotBlank.java.lang.String,NotBlank]; arguments [org.springframework.context.support.DefaultMessageSourceResolvable: codes [pessoaRequest.nomePermissao,nomePermissao]; arguments []; default message [nomePermissao]]; default message [NOME da Permissao nao pode ser nulo ou em branco]] ]
2023-09-08 17:28:37,203 DEBUG o.h.s.r.i.ResultsHelper [http-nio-8080-exec-4] Collection fully initialized: [com.viniciusvieira.backend.domain.model.usuario.Pessoa.permissoes#1]
2023-09-08 17:28:37,939 DEBUG o.h.s.r.i.ResultsHelper [http-nio-8080-exec-8] Collection fully initialized: [com.viniciusvieira.backend.domain.model.usuario.Pessoa.permissoes#1]
2023-09-08 17:28:46,698 DEBUG o.h.s.r.i.ResultsHelper [http-nio-8080-exec-5] Collection fully initialized: [com.viniciusvieira.backend.domain.model.usuario.Pessoa.permissoes#1]
2023-09-08 17:28:52,072 DEBUG o.h.s.r.i.ResultsHelper [http-nio-8080-exec-7] Collection fully initialized: [com.viniciusvieira.backend.domain.model.usuario.Pessoa.permissoes#1]
2023-09-08 17:28:52,153 WARN o.s.w.s.h.AbstractHandlerExceptionResolver [http-nio-8080-exec-9] Resolved [org.springframework.web.bind.MethodArgumentNotValidException: Validation failed for argument [1] in public org.springframework.http.ResponseEntity<com.viniciusvieira.backend.api.representation.model.response.usuario.PessoaResponse> com.viniciusvieira.backend.api.controller.usuario.PessoaController.alterar(java.lang.Long,com.viniciusvieira.backend.api.representation.model.request.usuario.PessoaRequest): [Field error in object 'pessoaRequest' on field 'nomePermissao': rejected value [null]; codes [NotBlank.pessoaRequest.nomePermissao,NotBlank.nomePermissao,NotBlank.java.lang.String,NotBlank]; arguments [org.springframework.context.support.DefaultMessageSourceResolvable: codes [pessoaRequest.nomePermissao,nomePermissao]; arguments []; default message [nomePermissao]]; default message [NOME da Permissao nao pode ser nulo ou em branco]] ]
2023-09-08 17:29:24,033 DEBUG o.h.s.r.i.ResultsHelper [http-nio-8080-exec-10] Collection fully initialized: [com.viniciusvieira.backend.domain.model.usuario.Pessoa.permissoes#1]
2023-09-08 17:29:27,129 DEBUG o.h.s.r.i.ResultsHelper [http-nio-8080-exec-1] Collection fully initialized: [com.viniciusvieira.backend.domain.model.usuario.Pessoa.permissoes#1]
2023-09-08 17:29:29,050 DEBUG o.h.s.r.i.ResultsHelper [http-nio-8080-exec-3] Collection fully initialized: [com.viniciusvieira.backend.domain.model.usuario.Pessoa.permissoes#1]
2023-09-08 17:29:33,205 DEBUG o.h.s.r.i.ResultsHelper [http-nio-8080-exec-8] Collection fully initialized: [com.viniciusvieira.backend.domain.model.usuario.Pessoa.permissoes#1]
2023-09-08 17:29:33,234 WARN o.s.w.s.h.AbstractHandlerExceptionResolver [http-nio-8080-exec-6] Resolved [org.springframework.web.bind.MethodArgumentNotValidException: Validation failed for argument [1] in public org.springframework.http.ResponseEntity<com.viniciusvieira.backend.api.representation.model.response.usuario.PessoaResponse> com.viniciusvieira.backend.api.controller.usuario.PessoaController.alterar(java.lang.Long,com.viniciusvieira.backend.api.representation.model.request.usuario.PessoaRequest): [Field error in object 'pessoaRequest' on field 'nomePermissao': rejected value [null]; codes [NotBlank.pessoaRequest.nomePermissao,NotBlank.nomePermissao,NotBlank.java.lang.String,NotBlank]; arguments [org.springframework.context.support.DefaultMessageSourceResolvable: codes [pessoaRequest.nomePermissao,nomePermissao]; arguments []; default message [nomePermissao]]; default message [NOME da Permissao nao pode ser nulo ou em branco]] ]
2023-09-08 17:30:40,978 DEBUG o.h.s.r.i.ResultsHelper [http-nio-8080-exec-9] Collection fully initialized: [com.viniciusvieira.backend.domain.model.usuario.Pessoa.permissoes#1]
2023-09-08 17:31:28,616 DEBUG o.h.s.r.i.ResultsHelper [http-nio-8080-exec-10] Collection fully initialized: [com.viniciusvieira.backend.domain.model.usuario.Pessoa.permissoes#1]
2023-09-08 17:31:31,023 DEBUG o.h.s.r.i.ResultsHelper [http-nio-8080-exec-1] Collection fully initialized: [com.viniciusvieira.backend.domain.model.usuario.Pessoa.permissoes#1]
2023-09-08 17:32:00,074 DEBUG o.h.s.r.i.ResultsHelper [http-nio-8080-exec-8] Collection fully initialized: [com.viniciusvieira.backend.domain.model.usuario.Pessoa.permissoes#1]
2023-09-08 17:32:01,681 DEBUG o.h.s.r.i.ResultsHelper [http-nio-8080-exec-5] Collection fully initialized: [com.viniciusvieira.backend.domain.model.usuario.Pessoa.permissoes#1]
2023-09-08 17:32:27,106 DEBUG o.h.s.r.i.ResultsHelper [http-nio-8080-exec-9] Collection fully initialized: [com.viniciusvieira.backend.domain.model.usuario.Pessoa.permissoes#1]
2023-09-08 17:33:03,612 DEBUG o.h.s.r.i.ResultsHelper [http-nio-8080-exec-10] Collection fully initialized: [com.viniciusvieira.backend.domain.model.usuario.Pessoa.permissoes#1]
2023-09-08 17:35:40,771 DEBUG o.h.s.r.i.ResultsHelper [http-nio-8080-exec-3] Collection fully initialized: [com.viniciusvieira.backend.domain.model.usuario.Pessoa.permissoes#1]
2023-09-08 17:37:27,829 DEBUG o.h.s.r.i.ResultsHelper [http-nio-8080-exec-6] Collection fully initialized: [com.viniciusvieira.backend.domain.model.usuario.Pessoa.permissoes#1]
2023-09-08 17:37:36,007 DEBUG o.h.s.r.i.ResultsHelper [http-nio-8080-exec-5] Collection fully initialized: [com.viniciusvieira.backend.domain.model.usuario.Pessoa.permissoes#1]
2023-09-08 17:37:36,058 DEBUG o.h.s.r.i.ResultsHelper [http-nio-8080-exec-7] Collection fully initialized: [com.viniciusvieira.backend.domain.model.usuario.Pessoa.permissoes#1]
2023-09-08 17:37:36,137 WARN o.s.w.s.h.AbstractHandlerExceptionResolver [http-nio-8080-exec-7] Resolved [com.viniciusvieira.backend.domain.exception.usuario.CpfAlreadyExistsException: J existe uma pessoa cadastrada com esse CPF]
2023-09-08 17:38:58,138 DEBUG o.h.s.r.i.ResultsHelper [http-nio-8080-exec-2] Collection fully initialized: [com.viniciusvieira.backend.domain.model.usuario.Pessoa.permissoes#1]
2023-09-08 17:39:08,060 DEBUG o.h.s.r.i.ResultsHelper [http-nio-8080-exec-10] Collection fully initialized: [com.viniciusvieira.backend.domain.model.usuario.Pessoa.permissoes#1]
2023-09-08 17:39:08,090 DEBUG o.h.s.r.i.ResultsHelper [http-nio-8080-exec-4] Collection fully initialized: [com.viniciusvieira.backend.domain.model.usuario.Pessoa.permissoes#1]
2023-09-08 17:39:08,357 DEBUG o.h.s.r.i.ResultsHelper [http-nio-8080-exec-1] Collection fully initialized: [com.viniciusvieira.backend.domain.model.usuario.Pessoa.permissoes#1]
2023-09-08 17:40:05,278 DEBUG o.h.s.r.i.ResultsHelper [http-nio-8080-exec-8] Collection fully initialized: [com.viniciusvieira.backend.domain.model.usuario.Pessoa.permissoes#1]
2023-09-08 17:40:33,548 DEBUG o.h.s.r.i.ResultsHelper [http-nio-8080-exec-5] Collection fully initialized: [com.viniciusvieira.backend.domain.model.usuario.Pessoa.permissoes#1]
2023-09-08 17:40:33,986 DEBUG o.h.s.r.i.ResultsHelper [http-nio-8080-exec-9] Collection fully initialized: [com.viniciusvieira.backend.domain.model.usuario.Pessoa.permissoes#1]
2023-09-08 17:44:50,140 DEBUG o.h.s.r.i.ResultsHelper [http-nio-8080-exec-1] Collection fully initialized: [com.viniciusvieira.backend.domain.model.usuario.Pessoa.permissoes#1]
2023-09-08 17:45:50,332 DEBUG o.h.s.r.i.ResultsHelper [http-nio-8080-exec-6] Collection fully initialized: [com.viniciusvieira.backend.domain.model.usuario.Pessoa.permissoes#1]
2023-09-08 17:46:02,200 DEBUG o.h.s.r.i.ResultsHelper [http-nio-8080-exec-7] Collection fully initialized: [com.viniciusvieira.backend.domain.model.usuario.Pessoa.permissoes#1]
2023-09-08 17:46:04,112 DEBUG o.h.s.r.i.ResultsHelper [http-nio-8080-exec-9] Collection fully initialized: [com.viniciusvieira.backend.domain.model.usuario.Pessoa.permissoes#1]
2023-09-08 17:46:31,559 DEBUG o.h.s.r.i.ResultsHelper [http-nio-8080-exec-10] Collection fully initialized: [com.viniciusvieira.backend.domain.model.usuario.Pessoa.permissoes#1]
2023-09-08 17:46:31,723 DEBUG o.h.s.r.i.ResultsHelper [http-nio-8080-exec-1] Collection fully initialized: [com.viniciusvieira.backend.domain.model.usuario.Pessoa.permissoes#1]
2023-09-08 17:46:53,115 DEBUG o.h.s.r.i.ResultsHelper [http-nio-8080-exec-8] Collection fully initialized: [com.viniciusvieira.backend.domain.model.usuario.Pessoa.permissoes#1]
2023-09-08 17:47:19,075 DEBUG o.h.s.r.i.ResultsHelper [http-nio-8080-exec-5] Collection fully initialized: [com.viniciusvieira.backend.domain.model.usuario.Pessoa.permissoes#1]
2023-09-08 17:47:22,435 DEBUG o.h.s.r.i.ResultsHelper [http-nio-8080-exec-7] Collection fully initialized: [com.viniciusvieira.backend.domain.model.usuario.Pessoa.permissoes#1]
2023-09-08 17:48:26,645 DEBUG o.h.s.r.i.ResultsHelper [http-nio-8080-exec-4] Collection fully initialized: [com.viniciusvieira.backend.domain.model.usuario.Pessoa.permissoes#1]
2023-09-08 17:48:30,233 DEBUG o.h.s.r.i.ResultsHelper [http-nio-8080-exec-3] Collection fully initialized: [com.viniciusvieira.backend.domain.model.usuario.Pessoa.permissoes#1]
2023-09-08 17:48:30,833 DEBUG o.h.s.r.i.ResultsHelper [http-nio-8080-exec-6] Collection fully initialized: [com.viniciusvieira.backend.domain.model.usuario.Pessoa.permissoes#1]
2023-09-08 17:48:34,751 DEBUG o.h.s.r.i.ResultsHelper [http-nio-8080-exec-7] Collection fully initialized: [com.viniciusvieira.backend.domain.model.usuario.Pessoa.permissoes#1]
2023-09-08 17:48:36,800 DEBUG o.h.s.r.i.ResultsHelper [http-nio-8080-exec-2] Collection fully initialized: [com.viniciusvieira.backend.domain.model.usuario.Pessoa.permissoes#1]
2023-09-08 17:48:54,537 DEBUG o.h.s.r.i.ResultsHelper [http-nio-8080-exec-10] Collection fully initialized: [com.viniciusvieira.backend.domain.model.usuario.Pessoa.permissoes#1]
2023-09-08 17:49:20,600 DEBUG o.h.s.r.i.ResultsHelper [http-nio-8080-exec-1] Collection fully initialized: [com.viniciusvieira.backend.domain.model.usuario.Pessoa.permissoes#1]
2023-09-08 17:52:35,612 DEBUG o.h.s.r.i.ResultsHelper [http-nio-8080-exec-5] Collection fully initialized: [com.viniciusvieira.backend.domain.model.usuario.Pessoa.permissoes#1]
2023-09-08 17:52:56,550 DEBUG o.h.s.r.i.ResultsHelper [http-nio-8080-exec-7] Collection fully initialized: [com.viniciusvieira.backend.domain.model.usuario.Pessoa.permissoes#1]
2023-09-08 17:53:43,880 DEBUG o.h.s.r.i.ResultsHelper [http-nio-8080-exec-2] Collection fully initialized: [com.viniciusvieira.backend.domain.model.usuario.Pessoa.permissoes#1]
2023-09-08 17:54:04,386 DEBUG o.h.s.r.i.ResultsHelper [http-nio-8080-exec-4] Collection fully initialized: [com.viniciusvieira.backend.domain.model.usuario.Pessoa.permissoes#1]
2023-09-08 17:54:12,483 DEBUG o.h.s.r.i.ResultsHelper [http-nio-8080-exec-3] Collection fully initialized: [com.viniciusvieira.backend.domain.model.usuario.Pessoa.permissoes#1]
2023-09-08 17:54:13,148 DEBUG o.h.s.r.i.ResultsHelper [http-nio-8080-exec-6] Collection fully initialized: [com.viniciusvieira.backend.domain.model.usuario.Pessoa.permissoes#1]
2023-09-08 17:54:24,668 DEBUG o.h.s.r.i.ResultsHelper [http-nio-8080-exec-5] Collection fully initialized: [com.viniciusvieira.backend.domain.model.usuario.Pessoa.permissoes#1]
2023-09-08 18:01:48,491 DEBUG o.h.s.r.i.ResultsHelper [http-nio-8080-exec-10] Collection fully initialized: [com.viniciusvieira.backend.domain.model.usuario.Pessoa.permissoes#1]
2023-09-08 18:01:51,302 DEBUG o.h.s.r.i.ResultsHelper [http-nio-8080-exec-4] Collection fully initialized: [com.viniciusvieira.backend.domain.model.usuario.Pessoa.permissoes#1]
2023-09-08 18:03:08,463 DEBUG o.h.s.r.i.ResultsHelper [http-nio-8080-exec-6] Collection fully initialized: [com.viniciusvieira.backend.domain.model.usuario.Pessoa.permissoes#1]
2023-09-08 18:05:15,858 DEBUG o.h.s.r.i.ResultsHelper [http-nio-8080-exec-9] Collection fully initialized: [com.viniciusvieira.backend.domain.model.usuario.Pessoa.permissoes#1]
2023-09-08 18:05:17,694 DEBUG o.h.s.r.i.ResultsHelper [http-nio-8080-exec-2] Collection fully initialized: [com.viniciusvieira.backend.domain.model.usuario.Pessoa.permissoes#1]
2023-09-08 18:06:21,204 DEBUG o.h.s.r.i.ResultsHelper [http-nio-8080-exec-6] Collection fully initialized: [com.viniciusvieira.backend.domain.model.usuario.Pessoa.permissoes#1]
2023-09-08 18:07:13,554 DEBUG o.h.s.r.i.ResultsHelper [http-nio-8080-exec-9] Collection fully initialized: [com.viniciusvieira.backend.domain.model.usuario.Pessoa.permissoes#1]
2023-09-08 18:07:31,403 DEBUG o.h.s.r.i.ResultsHelper [http-nio-8080-exec-2] Collection fully initialized: [com.viniciusvieira.backend.domain.model.usuario.Pessoa.permissoes#1]
2023-09-08 18:08:26,548 DEBUG o.h.s.r.i.ResultsHelper [http-nio-8080-exec-1] Collection fully initialized: [com.viniciusvieira.backend.domain.model.usuario.Pessoa.permissoes#1]
2023-09-08 18:08:41,807 DEBUG o.h.s.r.i.ResultsHelper [http-nio-8080-exec-8] Collection fully initialized: [com.viniciusvieira.backend.domain.model.usuario.Pessoa.permissoes#1]
2023-09-08 18:08:44,131 DEBUG o.h.s.r.i.ResultsHelper [http-nio-8080-exec-6] Collection fully initialized: [com.viniciusvieira.backend.domain.model.usuario.Pessoa.permissoes#1]
2023-09-08 18:10:18,072 DEBUG o.h.s.r.i.ResultsHelper [http-nio-8080-exec-10] Collection fully initialized: [com.viniciusvieira.backend.domain.model.usuario.Pessoa.permissoes#1]
2023-09-08 18:11:19,947 DEBUG o.h.s.r.i.ResultsHelper [http-nio-8080-exec-9] Collection fully initialized: [com.viniciusvieira.backend.domain.model.usuario.Pessoa.permissoes#1]
2023-09-08 18:11:26,359 DEBUG o.h.s.r.i.ResultsHelper [http-nio-8080-exec-2] Collection fully initialized: [com.viniciusvieira.backend.domain.model.usuario.Pessoa.permissoes#1]
2023-09-08 18:13:35,266 DEBUG o.h.s.r.i.ResultsHelper [http-nio-8080-exec-2] Collection fully initialized: [com.viniciusvieira.backend.domain.model.usuario.Pessoa.permissoes#1]
2023-09-08 18:15:25,372 DEBUG o.h.s.r.i.ResultsHelper [http-nio-8080-exec-7] Collection fully initialized: [com.viniciusvieira.backend.domain.model.usuario.Pessoa.permissoes#1]
2023-09-08 18:24:53,945 DEBUG o.h.s.r.i.ResultsHelper [http-nio-8080-exec-9] Collection fully initialized: [com.viniciusvieira.backend.domain.model.usuario.Pessoa.permissoes#1]
2023-09-08 18:25:59,779 DEBUG o.h.s.r.i.ResultsHelper [http-nio-8080-exec-4] Collection fully initialized: [com.viniciusvieira.backend.domain.model.usuario.Pessoa.permissoes#1]
2023-09-08 18:26:14,639 DEBUG o.h.s.r.i.ResultsHelper [http-nio-8080-exec-1] Collection fully initialized: [com.viniciusvieira.backend.domain.model.usuario.Pessoa.permissoes#1]
2023-09-08 18:27:05,994 INFO o.s.o.j.AbstractEntityManagerFactoryBean [SpringApplicationShutdownHook] Closing JPA EntityManagerFactory for persistence unit 'default'
2023-09-08 18:27:06,009 INFO c.z.h.HikariDataSource [SpringApplicationShutdownHook] HikariPool-1 - Shutdown initiated...
2023-09-08 18:27:06,025 INFO c.z.h.HikariDataSource [SpringApplicationShutdownHook] HikariPool-1 - Shutdown completed.
